This is LuaHBTeX, Version 1.15.0 (TeX Live 2022/Debian)  (format=lualatex 2022.12.18)  9 JAN 2023 19:35
 restricted system commands enabled.
**plan-de-clase.tex
(./plan-de-clase.tex
LaTeX2e <2022-06-01> patch level 5
Lua module: luaotfload 2022-06-15 3.22 Lua based OpenType font support
Lua module: lualibs 2021-05-20 2.74 ConTeXt Lua standard libraries.
Lua module: lualibs-extended 2021-05-20 2.74 ConTeXt Lua libraries -- extended c
ollection.
luaotfload | conf : Root cache directory is "/var/lib/texmf/luatex-cache/generic
/names".
luaotfload | init : Loading fontloader "fontloader-2022-06-15.lua" from kpse-res
olved path "/usr/share/texlive/texmf-dist/tex/luatex/luaotfload/fontloader-2022-
06-15.lua".
Lua-only attribute luaotfload@noligature = 1
luaotfload | init : Context OpenType loader version 3.120
Inserting `luaotfload.node_processor' at position 1 in `pre_linebreak_filter'.
Inserting `luaotfload.node_processor' at position 1 in `hpack_filter'.
Inserting `luaotfload.glyph_stream' at position 1 in `glyph_stream_provider'.
Inserting `luaotfload.define_font' at position 1 in `define_font'.
Lua-only attribute luaotfload_color_attribute = 2
luaotfload | conf : Root cache directory is "/var/lib/texmf/luatex-cache/generic
/names".
Inserting `luaotfload.harf.strip_prefix' at position 1 in `find_opentype_file'.
Inserting `luaotfload.harf.strip_prefix' at position 1 in `find_truetype_file'.
Removing  `luaotfload.glyph_stream' from `glyph_stream_provider'.
Inserting `luaotfload.harf.glyphstream' at position 1 in `glyph_stream_provider'
.
Inserting `luaotfload.harf.finalize_vlist' at position 1 in `post_linebreak_filt
er'.
Inserting `luaotfload.harf.finalize_hlist' at position 2 in `hpack_filter'.
Inserting `luaotfload.cleanup_files' at position 1 in `wrapup_run'.
Inserting `luaotfload.harf.finalize_unicode' at position 1 in `finish_pdffile'.
Inserting `luaotfload.glyphinfo' at position 1 in `glyph_info'.
Lua-only attribute luaotfload.letterspace_done = 3
Inserting `luaotfload.aux.set_sscale_dimens' at position 1 in `luaotfload.patch_
font'.
Inserting `luaotfload.aux.set_font_index' at position 2 in `luaotfload.patch_fon
t'.
Inserting `luaotfload.aux.patch_cambria_domh' at position 3 in `luaotfload.patch
_font'.
Inserting `luaotfload.aux.fixup_fontdata' at position 1 in `luaotfload.patch_fon
t_unsafe'.
Inserting `luaotfload.aux.set_capheight' at position 4 in `luaotfload.patch_font
'.
Inserting `luaotfload.aux.set_xheight' at position 5 in `luaotfload.patch_font'.
Inserting `luaotfload.rewrite_fontname' at position 6 in `luaotfload.patch_font'
. L3 programming layer <2022-08-30>
Inserting `tracingstacklevels' at position 1 in `input_level_string'.
(/usr/share/texlive/texmf-dist/tex/latex/base/article.cls
Document Class: article 2021/10/04 v1.4n Standard LaTeX document class
(/usr/share/texlive/texmf-dist/tex/latex/base/size10.clo
File: size10.clo 2021/10/04 v1.4n Standard LaTeX file (size option)
luaotfload | db : Font names database loaded from /var/lib/texmf/luatex-cache/ge
neric/names/luaotfload-names.luc.gz)
\c@part=\count183
\c@section=\count184
\c@subsection=\count185
\c@subsubsection=\count186
\c@paragraph=\count187
\c@subparagraph=\count188
\c@figure=\count189
\c@table=\count190
\abovecaptionskip=\skip47
\belowcaptionskip=\skip48
\bibindent=\dimen137
)
(/usr/share/texlive/texmf-dist/tex/generic/babel/babel.sty
Package: babel 2022/09/17 3.80 The Babel package

(/usr/share/texlive/texmf-dist/tex/generic/babel/luababel.def
\bbl@readstream=\read2
\l@dumylang=\language2
Package babel Info: Non-standard hyphenation setup on input line 118.
\l@nohyphenation=\language3
\l@friulan=\language4
\l@romanian=\language5
\l@armenian=\language6
\l@liturgicallatin=\language7
\l@marathi=\language8
\l@slovak=\language9
\l@catalan=\language10
\l@basque=\language11
\l@usenglishmax=\language12
\l@farsi=\language13
\l@churchslavonic=\language14
\l@latin=\language15
\l@russian=\language16
\l@slovenian=\language17
\l@galician=\language18
\l@esperanto=\language19
\l@oriya=\language20
\l@georgian=\language21
\l@belarusian=\language22
\l@assamese=\language23
\l@german=\language24
\l@turkish=\language25
\l@sanskrit=\language26
\l@italian=\language27
\l@german-x-2022-03-16=\language28
\l@ancientgreek=\language29
\l@kurmanji=\language30
\l@hungarian=\language31
\l@swedish=\language32
\l@french=\language33
\l@serbianc=\language34
\l@mongolian=\language35
\l@welsh=\language36
\l@bokmal=\language37
\l@macedonian=\language38
\l@pali=\language39
\l@bulgarian=\language40
\l@ibycus=\language41
\l@schoolfinnish=\language42
\l@piedmontese=\language43
\l@swissgerman=\language44
\l@classiclatin=\language45
\l@interlingua=\language46
\l@finnish=\language47
\l@arabic=\language48
\l@serbian=\language49
\l@malayalam=\language50
\l@ukrainian=\language51
\l@dutch=\language52
\l@czech=\language53
\l@telugu=\language54
\l@estonian=\language55
\l@ethiopic=\language56
\l@occitan=\language57
\l@bengali=\language58
\l@ukenglish=\language59
\l@icelandic=\language60
\l@pinyin=\language61
\l@latvian=\language62
\l@mongolianlmc=\language63
\l@greek=\language64
\l@tamil=\language65
\l@coptic=\language66
\l@irish=\language67
\l@kannada=\language68
\l@hindi=\language69
\l@panjabi=\language70
\l@monogreek=\language71
\l@ngerman=\language72
\l@afrikaans=\language73
\l@uppersorbian=\language74
\l@croatian=\language75
\l@romansh=\language76
\l@thai=\language77
\l@danish=\language78
\l@portuguese=\language79
\l@spanish=\language80
\l@gujarati=\language81
\l@indonesian=\language82
\l@polish=\language83
\l@turkmen=\language84
\l@ngerman-x-2022-03-16=\language85
\l@lithuanian=\language86
\l@nynorsk=\language87
\babelcatcodetablenum=\catcodetable12
\bbl@pattcodes=\catcodetable13
)
\babel@savecnt=\count191
\U@D=\dimen138
\l@unhyphenated=\language88

(/usr/share/texlive/texmf-dist/tex/generic/babel/luababel.def
\bbl@attr@locale=\attribute4
)
(/usr/share/texlive/texmf-dist/tex/generic/babel-spanish/spanish.ldf
Language: spanish.ldf 2021/05/27 v5.0q Spanish support from the babel system
\es@quottoks=\toks16
\es@quotdepth=\count192
Package babel Info: Making " an active character on input line 570.
Package babel Info: Making . an active character on input line 675.
Package babel Info: Making < an active character on input line 722.
Package babel Info: Making > an active character on input line 722.

(/usr/share/texlive/texmf-dist/tex/generic/hyph-utf8/loadhyph/loadhyph-es.tex
UTF-8 Spanish hyphenation patterns
(/usr/share/texlive/texmf-dist/tex/generic/hyph-utf8/patterns/tex/hyph-es.tex)))
) (/usr/share/texlive/texmf-dist/tex/generic/babel/locale/es/babel-spanish.tex
Package babel Info: Importing font and identification data for spanish
(babel)             from babel-es.ini. Reported on input line 11.
) (/usr/share/texlive/texmf-dist/tex/latex/base/inputenc.sty
Package: inputenc 2021/02/14 v1.3d Input encoding file
\inpenc@prehook=\toks17
\inpenc@posthook=\toks18


Package inputenc Warning: inputenc package ignored with utf8 based engines.

) (/usr/share/texlive/texmf-dist/tex/latex/tools/array.sty
Package: array 2022/03/10 v2.5f Tabular extension package (FMi)
\col@sep=\dimen139
\ar@mcellbox=\box51
\extrarowheight=\dimen140
\NC@list=\toks19
\extratabsurround=\skip49
\backup@length=\skip50
\ar@cellbox=\box52
)
(/usr/share/texlive/texmf-dist/tex/latex/graphics/graphicx.sty
Package: graphicx 2021/09/16 v1.2d Enhanced LaTeX Graphics (DPC,SPQR)

(/usr/share/texlive/texmf-dist/tex/latex/graphics/keyval.sty
Package: keyval 2022/05/29 v1.15 key=value parser (DPC)
\KV@toks@=\toks20
)
(/usr/share/texlive/texmf-dist/tex/latex/graphics/graphics.sty
Package: graphics 2022/03/10 v1.4e Standard LaTeX Graphics (DPC,SPQR)

(/usr/share/texlive/texmf-dist/tex/latex/graphics/trig.sty
Package: trig 2021/08/11 v1.11 sin cos tan (DPC)
)
(/usr/share/texlive/texmf-dist/tex/latex/graphics-cfg/graphics.cfg
File: graphics.cfg 2016/06/04 v1.11 sample graphics configuration
)
Package graphics Info: Driver file: luatex.def on input line 107.

(/usr/share/texlive/texmf-dist/tex/latex/graphics-def/luatex.def
File: luatex.def 2021/06/01 v1.2c Graphics/color driver for luatex
))
\Gin@req@height=\dimen141
\Gin@req@width=\dimen142
)
(/usr/share/texlive/texmf-dist/tex/latex/tools/tabularx.sty
Package: tabularx 2020/01/15 v2.11c `tabularx' package (DPC)
\TX@col@width=\dimen143
\TX@old@table=\dimen144
\TX@old@col=\dimen145
\TX@target=\dimen146
\TX@delta=\dimen147
\TX@cols=\count193
\TX@ftn=\toks21
)
(/usr/share/texlive/texmf-dist/tex/latex/tools/longtable.sty
Package: longtable 2021-09-01 v4.17 Multi-page Table package (DPC)
\LTleft=\skip51
\LTright=\skip52
\LTpre=\skip53
\LTpost=\skip54
\LTchunksize=\count194
\LTcapwidth=\dimen148
\LT@head=\box53
\LT@firsthead=\box54
\LT@foot=\box55
\LT@lastfoot=\box56
\LT@gbox=\box57
\LT@cols=\count195
\LT@rows=\count196
\c@LT@tables=\count197
\c@LT@chunks=\count198
\LT@p@ftn=\toks22
)
(/usr/share/texlive/texmf-dist/tex/latex/geometry/geometry.sty
Package: geometry 2020/01/02 v5.9 Page Geometry

(/usr/share/texlive/texmf-dist/tex/generic/iftex/ifvtex.sty
Package: ifvtex 2019/10/25 v1.7 ifvtex legacy package. Use iftex instead.

(/usr/share/texlive/texmf-dist/tex/generic/iftex/iftex.sty
Package: iftex 2022/02/03 v1.0f TeX engine tests
))
\Gm@cnth=\count199
\Gm@cntv=\count266
\c@Gm@tempcnt=\count267
\Gm@bindingoffset=\dimen149
\Gm@wd@mp=\dimen150
\Gm@odd@mp=\dimen151
\Gm@even@mp=\dimen152
\Gm@layoutwidth=\dimen153
\Gm@layoutheight=\dimen154
\Gm@layouthoffset=\dimen155
\Gm@layoutvoffset=\dimen156
\Gm@dimlist=\toks23
)
(/usr/share/texlive/texmf-dist/tex/latex/marginnote/marginnote.sty
Package: marginnote 2018/08/09 v1.4b non floating margin notes for LaTeX
\c@mn@abspage=\count268
)
(/usr/share/texlive/texmf-dist/tex/latex/graphics/rotating.sty
Package: rotating 2016/08/11 v2.16d rotated objects in LaTeX

(/usr/share/texlive/texmf-dist/tex/latex/base/ifthen.sty
Package: ifthen 2022/04/13 v1.1d Standard LaTeX ifthen package (DPC)
)
\c@r@tfl@t=\count269
\rotFPtop=\skip55
\rotFPbot=\skip56
\rot@float@box=\box58
\rot@mess@toks=\toks24
)
(/usr/share/texlive/texmf-dist/tex/latex/blindtext/blindtext.sty
Package: blindtext 2012/01/06 V2.0 blindtext-Package

(/usr/share/texlive/texmf-dist/tex/latex/tools/xspace.sty
Package: xspace 2014/10/28 v1.13 Space after command names (DPC,MH)
)
\c@blindtext=\count270
\c@Blindtext=\count271
\c@blind@countparstart=\count272
\blind@countxx=\count273
\blindtext@numBlindtext=\count274
\blind@countyy=\count275
\c@blindlist=\count276
\c@blindlistlevel=\count277
\c@blindlist@level=\count278
\blind@listitem=\count279
\c@blind@listcount=\count280
\c@blind@levelcount=\count281
\blind@mathformula=\count282
\blind@Mathformula=\count283
\c@blind@randomcount=\count284
\c@blind@randommax=\count285
\c@blind@pangramcount=\count286
\c@blind@pangrammax=\count287
)
(/usr/share/texlive/texmf-dist/tex/latex/xcolor/xcolor.sty
Package: xcolor 2022/06/12 v2.14 LaTeX color extensions (UK)

(/usr/share/texlive/texmf-dist/tex/latex/graphics-cfg/color.cfg
File: color.cfg 2016/01/02 v1.6 sample color configuration
)
Package xcolor Info: Driver file: luatex.def on input line 227.

(/usr/share/texlive/texmf-dist/tex/latex/graphics/mathcolor.ltx)
Package xcolor Info: Model `cmy' substituted by `cmy0' on input line 1353.
Package xcolor Info: Model `hsb' substituted by `rgb' on input line 1357.
Package xcolor Info: Model `RGB' extended on input line 1369.
Package xcolor Info: Model `HTML' substituted by `rgb' on input line 1371.
Package xcolor Info: Model `Hsb' substituted by `hsb' on input line 1372.
Package xcolor Info: Model `tHsb' substituted by `hsb' on input line 1373.
Package xcolor Info: Model `HSB' substituted by `hsb' on input line 1374.
Package xcolor Info: Model `Gray' substituted by `gray' on input line 1375.
Package xcolor Info: Model `wave' substituted by `hsb' on input line 1376.

(/usr/share/texlive/texmf-dist/tex/latex/graphics/dvipsnam.def
File: dvipsnam.def 2016/06/17 v3.0m Driver-dependent file (DPC,SPQR)
))
(/usr/share/texlive/texmf-dist/tex/latex/tcolorbox/tcolorbox.sty
Package: tcolorbox 2022/06/24 version 5.1.1 text color boxes

(/usr/share/texlive/texmf-dist/tex/latex/pgf/basiclayer/pgf.sty
(/usr/share/texlive/texmf-dist/tex/latex/pgf/utilities/pgfrcs.sty
(/usr/share/texlive/texmf-dist/tex/generic/pgf/utilities/pgfutil-common.tex
\pgfutil@everybye=\toks25
\pgfutil@tempdima=\dimen157
\pgfutil@tempdimb=\dimen158

(/usr/share/texlive/texmf-dist/tex/generic/pgf/utilities/pgfutil-common-lists.t
ex)) (/usr/share/texlive/texmf-dist/tex/generic/pgf/utilities/pgfutil-latex.def
\pgfutil@abb=\box59
) (/usr/share/texlive/texmf-dist/tex/generic/pgf/utilities/pgfrcs.code.tex
(/usr/share/texlive/texmf-dist/tex/generic/pgf/pgf.revision.tex)
Package: pgfrcs 2021/05/15 v3.1.9a (3.1.9a)
))
Package: pgf 2021/05/15 v3.1.9a (3.1.9a)

(/usr/share/texlive/texmf-dist/tex/latex/pgf/basiclayer/pgfcore.sty
(/usr/share/texlive/texmf-dist/tex/latex/pgf/systemlayer/pgfsys.sty
(/usr/share/texlive/texmf-dist/tex/generic/pgf/systemlayer/pgfsys.code.tex
Package: pgfsys 2021/05/15 v3.1.9a (3.1.9a)

(/usr/share/texlive/texmf-dist/tex/generic/pgf/utilities/pgfkeys.code.tex
\pgfkeys@pathtoks=\toks26
\pgfkeys@temptoks=\toks27

(/usr/share/texlive/texmf-dist/tex/generic/pgf/utilities/pgfkeysfiltered.code.t
ex
\pgfkeys@tmptoks=\toks28
))
\pgf@x=\dimen159
\pgf@y=\dimen160
\pgf@xa=\dimen161
\pgf@ya=\dimen162
\pgf@xb=\dimen163
\pgf@yb=\dimen164
\pgf@xc=\dimen165
\pgf@yc=\dimen166
\pgf@xd=\dimen167
\pgf@yd=\dimen168
\w@pgf@writea=\write3
\r@pgf@reada=\read3
\c@pgf@counta=\count288
\c@pgf@countb=\count289
\c@pgf@countc=\count290
\c@pgf@countd=\count291
\t@pgf@toka=\toks29
\t@pgf@tokb=\toks30
\t@pgf@tokc=\toks31
\pgf@sys@id@count=\count292
 (/usr/share/texlive/texmf-dist/tex/generic/pgf/systemlayer/pgf.cfg
File: pgf.cfg 2021/05/15 v3.1.9a (3.1.9a)
)
Driver file for pgf: pgfsys-luatex.def

(/usr/share/texlive/texmf-dist/tex/generic/pgf/systemlayer/pgfsys-luatex.def
File: pgfsys-luatex.def 2021/05/15 v3.1.9a (3.1.9a)

(/usr/share/texlive/texmf-dist/tex/generic/pgf/systemlayer/pgfsys-common-pdf.de
f
File: pgfsys-common-pdf.def 2021/05/15 v3.1.9a (3.1.9a)
)))
(/usr/share/texlive/texmf-dist/tex/generic/pgf/systemlayer/pgfsyssoftpath.code.
tex
File: pgfsyssoftpath.code.tex 2021/05/15 v3.1.9a (3.1.9a)
\pgfsyssoftpath@smallbuffer@items=\count293
\pgfsyssoftpath@bigbuffer@items=\count294
)
(/usr/share/texlive/texmf-dist/tex/generic/pgf/systemlayer/pgfsysprotocol.code.
tex
File: pgfsysprotocol.code.tex 2021/05/15 v3.1.9a (3.1.9a)
))
(/usr/share/texlive/texmf-dist/tex/generic/pgf/basiclayer/pgfcore.code.tex
Package: pgfcore 2021/05/15 v3.1.9a (3.1.9a)

(/usr/share/texlive/texmf-dist/tex/generic/pgf/math/pgfmath.code.tex
(/usr/share/texlive/texmf-dist/tex/generic/pgf/math/pgfmathcalc.code.tex
(/usr/share/texlive/texmf-dist/tex/generic/pgf/math/pgfmathutil.code.tex)
(/usr/share/texlive/texmf-dist/tex/generic/pgf/math/pgfmathparser.code.tex
\pgfmath@dimen=\dimen169
\pgfmath@count=\count295
\pgfmath@box=\box60
\pgfmath@toks=\toks32
\pgfmath@stack@operand=\toks33
\pgfmath@stack@operation=\toks34
)
(/usr/share/texlive/texmf-dist/tex/generic/pgf/math/pgfmathfunctions.code.tex
(/usr/share/texlive/texmf-dist/tex/generic/pgf/math/pgfmathfunctions.basic.code
.tex)
(/usr/share/texlive/texmf-dist/tex/generic/pgf/math/pgfmathfunctions.trigonomet
ric.code.tex)
(/usr/share/texlive/texmf-dist/tex/generic/pgf/math/pgfmathfunctions.random.cod
e.tex)
(/usr/share/texlive/texmf-dist/tex/generic/pgf/math/pgfmathfunctions.comparison
.code.tex)
(/usr/share/texlive/texmf-dist/tex/generic/pgf/math/pgfmathfunctions.base.code.
tex)
(/usr/share/texlive/texmf-dist/tex/generic/pgf/math/pgfmathfunctions.round.code
.tex)
(/usr/share/texlive/texmf-dist/tex/generic/pgf/math/pgfmathfunctions.misc.code.
tex)
(/usr/share/texlive/texmf-dist/tex/generic/pgf/math/pgfmathfunctions.integerari
thmetics.code.tex)))
(/usr/share/texlive/texmf-dist/tex/generic/pgf/math/pgfmathfloat.code.tex
\c@pgfmathroundto@lastzeros=\count296
))
(/usr/share/texlive/texmf-dist/tex/generic/pgf/math/pgfint.code.tex)
(/usr/share/texlive/texmf-dist/tex/generic/pgf/basiclayer/pgfcorepoints.code.te
x
File: pgfcorepoints.code.tex 2021/05/15 v3.1.9a (3.1.9a)
\pgf@picminx=\dimen170
\pgf@picmaxx=\dimen171
\pgf@picminy=\dimen172
\pgf@picmaxy=\dimen173
\pgf@pathminx=\dimen174
\pgf@pathmaxx=\dimen175
\pgf@pathminy=\dimen176
\pgf@pathmaxy=\dimen177
\pgf@xx=\dimen178
\pgf@xy=\dimen179
\pgf@yx=\dimen180
\pgf@yy=\dimen181
\pgf@zx=\dimen182
\pgf@zy=\dimen183
)
(/usr/share/texlive/texmf-dist/tex/generic/pgf/basiclayer/pgfcorepathconstruct.
code.tex
File: pgfcorepathconstruct.code.tex 2021/05/15 v3.1.9a (3.1.9a)
\pgf@path@lastx=\dimen184
\pgf@path@lasty=\dimen185
)
(/usr/share/texlive/texmf-dist/tex/generic/pgf/basiclayer/pgfcorepathusage.code
.tex
File: pgfcorepathusage.code.tex 2021/05/15 v3.1.9a (3.1.9a)
\pgf@shorten@end@additional=\dimen186
\pgf@shorten@start@additional=\dimen187
)
(/usr/share/texlive/texmf-dist/tex/generic/pgf/basiclayer/pgfcorescopes.code.te
x
File: pgfcorescopes.code.tex 2021/05/15 v3.1.9a (3.1.9a)
\pgfpic=\box61
\pgf@hbox=\box62
\pgf@layerbox@main=\box63
\pgf@picture@serial@count=\count297
)
(/usr/share/texlive/texmf-dist/tex/generic/pgf/basiclayer/pgfcoregraphicstate.c
ode.tex
File: pgfcoregraphicstate.code.tex 2021/05/15 v3.1.9a (3.1.9a)
\pgflinewidth=\dimen188
)
(/usr/share/texlive/texmf-dist/tex/generic/pgf/basiclayer/pgfcoretransformation
s.code.tex
File: pgfcoretransformations.code.tex 2021/05/15 v3.1.9a (3.1.9a)
\pgf@pt@x=\dimen189
\pgf@pt@y=\dimen190
\pgf@pt@temp=\dimen191
)
(/usr/share/texlive/texmf-dist/tex/generic/pgf/basiclayer/pgfcorequick.code.tex
File: pgfcorequick.code.tex 2021/05/15 v3.1.9a (3.1.9a)
)
(/usr/share/texlive/texmf-dist/tex/generic/pgf/basiclayer/pgfcoreobjects.code.t
ex
File: pgfcoreobjects.code.tex 2021/05/15 v3.1.9a (3.1.9a)
)
(/usr/share/texlive/texmf-dist/tex/generic/pgf/basiclayer/pgfcorepathprocessing
.code.tex
File: pgfcorepathprocessing.code.tex 2021/05/15 v3.1.9a (3.1.9a)
)
(/usr/share/texlive/texmf-dist/tex/generic/pgf/basiclayer/pgfcorearrows.code.te
x
File: pgfcorearrows.code.tex 2021/05/15 v3.1.9a (3.1.9a)
\pgfarrowsep=\dimen192
)
(/usr/share/texlive/texmf-dist/tex/generic/pgf/basiclayer/pgfcoreshade.code.tex
File: pgfcoreshade.code.tex 2021/05/15 v3.1.9a (3.1.9a)
\pgf@max=\dimen193
\pgf@sys@shading@range@num=\count298
\pgf@shadingcount=\count299
)
(/usr/share/texlive/texmf-dist/tex/generic/pgf/basiclayer/pgfcoreimage.code.tex
File: pgfcoreimage.code.tex 2021/05/15 v3.1.9a (3.1.9a)

(/usr/share/texlive/texmf-dist/tex/generic/pgf/basiclayer/pgfcoreexternal.code.
tex
File: pgfcoreexternal.code.tex 2021/05/15 v3.1.9a (3.1.9a)
\pgfexternal@startupbox=\box64
))
(/usr/share/texlive/texmf-dist/tex/generic/pgf/basiclayer/pgfcorelayers.code.te
x
File: pgfcorelayers.code.tex 2021/05/15 v3.1.9a (3.1.9a)
)
(/usr/share/texlive/texmf-dist/tex/generic/pgf/basiclayer/pgfcoretransparency.c
ode.tex
File: pgfcoretransparency.code.tex 2021/05/15 v3.1.9a (3.1.9a)
)
(/usr/share/texlive/texmf-dist/tex/generic/pgf/basiclayer/pgfcorepatterns.code.
tex
File: pgfcorepatterns.code.tex 2021/05/15 v3.1.9a (3.1.9a)
)
(/usr/share/texlive/texmf-dist/tex/generic/pgf/basiclayer/pgfcorerdf.code.tex
File: pgfcorerdf.code.tex 2021/05/15 v3.1.9a (3.1.9a)
)))
(/usr/share/texlive/texmf-dist/tex/generic/pgf/modules/pgfmoduleshapes.code.tex
File: pgfmoduleshapes.code.tex 2021/05/15 v3.1.9a (3.1.9a)
\pgfnodeparttextbox=\box65
) (/usr/share/texlive/texmf-dist/tex/generic/pgf/modules/pgfmoduleplot.code.tex
File: pgfmoduleplot.code.tex 2021/05/15 v3.1.9a (3.1.9a)
)
(/usr/share/texlive/texmf-dist/tex/latex/pgf/compatibility/pgfcomp-version-0-65
.sty
Package: pgfcomp-version-0-65 2021/05/15 v3.1.9a (3.1.9a)
\pgf@nodesepstart=\dimen194
\pgf@nodesepend=\dimen195
)
(/usr/share/texlive/texmf-dist/tex/latex/pgf/compatibility/pgfcomp-version-1-18
.sty
Package: pgfcomp-version-1-18 2021/05/15 v3.1.9a (3.1.9a)
)) (/usr/share/texlive/texmf-dist/tex/latex/tools/verbatim.sty
Package: verbatim 2020-07-07 v1.5u LaTeX2e package for verbatim enhancements
\every@verbatim=\toks35
\verbatim@line=\toks36
\verbatim@in@stream=\read4
)
(/usr/share/texlive/texmf-dist/tex/latex/environ/environ.sty
Package: environ 2014/05/04 v0.3 A new way to define environments

(/usr/share/texlive/texmf-dist/tex/latex/trimspaces/trimspaces.sty
Package: trimspaces 2009/09/17 v1.1 Trim spaces around a token list
)
\@envbody=\toks37
)
(/usr/share/texlive/texmf-dist/tex/latex/etoolbox/etoolbox.sty
Package: etoolbox 2020/10/05 v2.5k e-TeX tools for LaTeX (JAW)
\etb@tempcnta=\count300
)
\tcb@titlebox=\box66
\tcb@upperbox=\box67
\tcb@lowerbox=\box68
\tcb@phantombox=\box69
\c@tcbbreakpart=\count301
\c@tcblayer=\count302
\c@tcolorbox@number=\count303
\tcb@temp=\box70
\tcb@temp=\box71
\tcb@temp=\box72
\tcb@temp=\box73
)
(/usr/share/texlive/texmf-dist/tex/latex/l3backend/l3backend-luatex.def
File: l3backend-luatex.def 2022-08-30 L3 backend support: PDF output (LuaTeX)
\l__color_backend_stack_int=\count304
\l__pdf_internal_box=\box74
)
(./plan-de-clase.aux
LaTeX Info: Redefining \. on input line 16.
LaTeX Info: Redefining \% on input line 16.
)
\openout1 = plan-de-clase.aux

LaTeX Font Info:    Checking defaults for OML/cmm/m/it on input line 33.
LaTeX Font Info:    ... okay on input line 33.
LaTeX Font Info:    Checking defaults for OMS/cmsy/m/n on input line 33.
LaTeX Font Info:    ... okay on input line 33.
LaTeX Font Info:    Checking defaults for OT1/cmr/m/n on input line 33.
LaTeX Font Info:    ... okay on input line 33.
LaTeX Font Info:    Checking defaults for T1/cmr/m/n on input line 33.
LaTeX Font Info:    ... okay on input line 33.
LaTeX Font Info:    Checking defaults for TS1/cmr/m/n on input line 33.
LaTeX Font Info:    Trying to load font information for TS1+cmr on input line 3
3.
 (/usr/share/texlive/texmf-dist/tex/latex/base/ts1cmr.fd
File: ts1cmr.fd 2019/12/16 v2.5j Standard LaTeX font definitions
)
LaTeX Font Info:    ... okay on input line 33.
LaTeX Font Info:    Checking defaults for TU/lmr/m/n on input line 33.
LaTeX Font Info:    ... okay on input line 33.
LaTeX Font Info:    Checking defaults for OMX/cmex/m/n on input line 33.
LaTeX Font Info:    ... okay on input line 33.
LaTeX Font Info:    Checking defaults for U/cmr/m/n on input line 33.
LaTeX Font Info:    ... okay on input line 33.
LaTeX Info: Redefining \. on input line 33.
LaTeX Info: Redefining \% on input line 33.

(/usr/share/texlive/texmf-dist/tex/context/base/mkii/supp-pdf.mkii
[Loading MPS to PDF converter (version 2006.09.02).]
\scratchcounter=\count305
\scratchdimen=\dimen196
\scratchbox=\box75
\nofMPsegments=\count306
\nofMParguments=\count307
\everyMPshowfont=\toks38
\MPscratchCnt=\count308
\MPscratchDim=\dimen197
\MPnumerator=\count309
\makeMPintoPDFobject=\count310
\everyMPtoPDFconversion=\toks39
) (/usr/share/texlive/texmf-dist/tex/latex/epstopdf-pkg/epstopdf-base.sty
Package: epstopdf-base 2020-01-24 v2.11 Base part for package epstopdf
Package epstopdf-base Info: Redefining graphics rule for `.eps' on input line 4
85.

(/usr/share/texlive/texmf-dist/tex/latex/latexconfig/epstopdf-sys.cfg
File: epstopdf-sys.cfg 2010/07/13 v1.3 Configuration of (r)epstopdf for TeX Liv
e
))
*geometry* driver: auto-detecting
*geometry* detected driver: luatex
*geometry* verbose mode - [ preamble ] result:
* driver: luatex
* paper: a4paper
* layout: <same size as paper>
* layoutoffset:(h,v)=(0.0pt,0.0pt)
* modes: landscape 
* h-part:(L,W,R)=(42.67912pt, 759.6886pt, 42.67912pt)
* v-part:(T,H,B)=(42.67912pt, 512.14963pt, 42.67912pt)
* \paperwidth=845.04684pt
* \paperheight=597.50787pt
* \textwidth=759.6886pt
* \textheight=512.14963pt
* \oddsidemargin=-29.59087pt
* \evensidemargin=-29.59087pt
* \topmargin=-66.59087pt
* \headheight=12.0pt
* \headsep=25.0pt
* \topskip=10.0pt
* \footskip=30.0pt
* \marginparwidth=144.0pt
* \marginparsep=11.0pt
* \columnsep=10.0pt
* \skip\footins=9.0pt plus 4.0pt minus 2.0pt
* \hoffset=0.0pt
* \voffset=0.0pt
* \mag=1000
* \@twocolumnfalse
* \@twosidefalse
* \@mparswitchfalse
* \@reversemarginfalse
* (1in=72.27pt=25.4mm, 1cm=28.453pt)

File: cegsa-logo.png Graphic file (type png)
<use cegsa-logo.png>
Package luatex.def Info: cegsa-logo.png  used on input line 47.
(luatex.def)             Requested size: 227.90889pt x 79.2479pt.
File: cetsa-logo.png Graphic file (type png)
<use cetsa-logo.png>
Package luatex.def Info: cetsa-logo.png  used on input line 47.
(luatex.def)             Requested size: 227.90889pt x 65.90999pt.

Overfull \hbox (15.0pt too wide) in paragraph at lines 47--59
 [][] 
 []


Underfull \hbox (badness 10000) in paragraph at lines 63--63
[]|\TU/lmr/bx/n/10 Con-te-ni-do/Uni-
 []


Underfull \hbox (badness 10000) in paragraph at lines 66--66
[]|\TU/lmr/bx/n/10 Re-cur-sos Di-
 []


Underfull \hbox (badness 3375) in paragraph at lines 66--66
\TU/lmr/bx/n/10 dác-ti-cos/Uso de
 []


Underfull \hbox (badness 1442) in paragraph at lines 67--67
[]|\TU/lmr/bx/n/10 Ins-tru-men-tos de
 []


Underfull \hbox (badness 2111) in paragraph at lines 68--69
[]|\TU/lmr/bx/n/10 Pro-yec-tos Dis-ci-
 []


Overfull \hbox (14.0752pt too wide) in alignment at lines 59--70
 [][][][][][][] 
 []


Underfull \hbox (badness 4634) in paragraph at lines 73--73
[]|\TU/lmr/m/n/10 In-tro-duc-ción a la
 []


Underfull \hbox (badness 5681) in paragraph at lines 79--80
[]\TU/lmr/m/n/10 Ela-bo-ra es-tra-te-gias pa-ra
 []


Underfull \hbox (badness 10000) in paragraph at lines 83--83
[]|\TU/lmr/m/n/10 Jue-gos di-ver-sos,
 []


Underfull \hbox (badness 6608) in paragraph at lines 83--83
\TU/lmr/m/n/10 Acer-ti-jos, Puzz-les,
 []


Underfull \hbox (badness 1043) in paragraph at lines 83--83
\TU/lmr/m/n/10 Li-bros de cuen-tos,
 []


Underfull \hbox (badness 1163) in paragraph at lines 84--84
[]|\TU/lmr/m/n/10 Ques-tio-na-rios Ora-
 []


Underfull \hbox (badness 4634) in paragraph at lines 89--89
[]|\TU/lmr/m/n/10 In-tro-duc-ción a la
 []


Underfull \hbox (badness 5681) in paragraph at lines 95--96
[]\TU/lmr/m/n/10 Ela-bo-ra es-tra-te-gias pa-ra
 []


Underfull \hbox (badness 10000) in paragraph at lines 100--100
[]|\TU/lmr/m/n/10 Jue-gos di-ver-sos,
 []


Underfull \hbox (badness 6608) in paragraph at lines 100--100
\TU/lmr/m/n/10 Acer-ti-jos, Puzz-les,
 []


Underfull \hbox (badness 1043) in paragraph at lines 100--100
\TU/lmr/m/n/10 Li-bros de cuen-tos,
 []


Underfull \hbox (badness 5091) in paragraph at lines 100--100
\TU/lmr/m/n/10 Ex-pe-ri-men-tos sen-
 []


Underfull \hbox (badness 1163) in paragraph at lines 101--101
[]|\TU/lmr/m/n/10 Ques-tio-na-rios Ora-
 []


Underfull \hbox (badness 3375) in paragraph at lines 102--102
[]|\TU/lmr/m/n/10 ”Lle-gó la ca-ba-lle-
 []


Underfull \hbox (badness 2635) in paragraph at lines 103--107
\TU/lmr/m/n/10 des bá-si-cas, co-mo
 []


Underfull \hbox (badness 1997) in paragraph at lines 103--107
\TU/lmr/m/n/10 ti-co, el aná-li-sis y
 []


Underfull \hbox (badness 6348) in paragraph at lines 103--107
\TU/lmr/m/n/10 cio-nes pro-ble-má-ti-
 []


Underfull \hbox (badness 3168) in paragraph at lines 103--107
\TU/lmr/m/n/10 cas, y el ra-zo-na-
 []


Underfull \hbox (badness 5592) in paragraph at lines 103--107
\TU/lmr/m/n/10 ma-te-rias me-dian-te
 []


Underfull \hbox (badness 1590) in paragraph at lines 103--107
\TU/lmr/m/n/10 el em-pleo de jue-
 []


Underfull \hbox (badness 1117) in paragraph at lines 103--107
\TU/lmr/m/n/10 sen-ci-llos, de mo-do
 []


Underfull \hbox (badness 1668) in paragraph at lines 108--109
[]\TU/lmr/m/n/10 Así pues, con-si-de-
 []


Underfull \hbox (badness 4634) in paragraph at lines 112--112
[]|\TU/lmr/m/n/10 In-tro-duc-ción a la
 []


Underfull \hbox (badness 5681) in paragraph at lines 118--119
[]\TU/lmr/m/n/10 Ela-bo-ra es-tra-te-gias pa-ra
 []


Underfull \hbox (badness 10000) in paragraph at lines 123--123
[]|\TU/lmr/m/n/10 Jue-gos di-ver-sos,
 []


Underfull \hbox (badness 6608) in paragraph at lines 123--123
\TU/lmr/m/n/10 Acer-ti-jos, Puzz-les,
 []


Underfull \hbox (badness 1043) in paragraph at lines 123--123
\TU/lmr/m/n/10 Li-bros de cuen-tos,
 []


Underfull \hbox (badness 5091) in paragraph at lines 123--123
\TU/lmr/m/n/10 Ex-pe-ri-men-tos sen-
 []


Underfull \hbox (badness 1163) in paragraph at lines 124--124
[]|\TU/lmr/m/n/10 Ques-tio-na-rios Ora-
 []


Underfull \hbox (badness 3375) in paragraph at lines 125--125
[]|\TU/lmr/m/n/10 ”Lle-gó la ca-ba-lle-
 []


Underfull \hbox (badness 2635) in paragraph at lines 126--130
\TU/lmr/m/n/10 des bá-si-cas, co-mo
 []


Underfull \hbox (badness 1997) in paragraph at lines 126--130
\TU/lmr/m/n/10 ti-co, el aná-li-sis y
 []


Underfull \hbox (badness 6348) in paragraph at lines 126--130
\TU/lmr/m/n/10 cio-nes pro-ble-má-ti-
 []


Underfull \hbox (badness 3168) in paragraph at lines 126--130
\TU/lmr/m/n/10 cas, y el ra-zo-na-
 []


Underfull \hbox (badness 5592) in paragraph at lines 126--130
\TU/lmr/m/n/10 ma-te-rias me-dian-te
 []


Underfull \hbox (badness 1590) in paragraph at lines 126--130
\TU/lmr/m/n/10 el em-pleo de jue-
 []


Underfull \hbox (badness 1117) in paragraph at lines 126--130
\TU/lmr/m/n/10 sen-ci-llos, de mo-do
 []


Underfull \hbox (badness 1668) in paragraph at lines 131--132
[]\TU/lmr/m/n/10 Así pues, con-si-de-
 []


Underfull \hbox (badness 4634) in paragraph at lines 135--135
[]|\TU/lmr/m/n/10 In-tro-duc-ción a la
 []


Underfull \hbox (badness 5681) in paragraph at lines 141--142
[]\TU/lmr/m/n/10 Ela-bo-ra es-tra-te-gias pa-ra
 []


Underfull \hbox (badness 10000) in paragraph at lines 146--146
[]|\TU/lmr/m/n/10 Jue-gos di-ver-sos,
 []


Underfull \hbox (badness 6608) in paragraph at lines 146--146
\TU/lmr/m/n/10 Acer-ti-jos, Puzz-les,
 []


Underfull \hbox (badness 1043) in paragraph at lines 146--146
\TU/lmr/m/n/10 Li-bros de cuen-tos,
 []


Underfull \hbox (badness 5091) in paragraph at lines 146--146
\TU/lmr/m/n/10 Ex-pe-ri-men-tos sen-
 []


Underfull \hbox (badness 1163) in paragraph at lines 147--147
[]|\TU/lmr/m/n/10 Ques-tio-na-rios Ora-
 []


Underfull \hbox (badness 3375) in paragraph at lines 148--148
[]|\TU/lmr/m/n/10 ”Lle-gó la ca-ba-lle-
 []


Underfull \hbox (badness 2635) in paragraph at lines 149--153
\TU/lmr/m/n/10 des bá-si-cas, co-mo
 []


Underfull \hbox (badness 1997) in paragraph at lines 149--153
\TU/lmr/m/n/10 ti-co, el aná-li-sis y
 []


Underfull \hbox (badness 6348) in paragraph at lines 149--153
\TU/lmr/m/n/10 cio-nes pro-ble-má-ti-
 []


Underfull \hbox (badness 3168) in paragraph at lines 149--153
\TU/lmr/m/n/10 cas, y el ra-zo-na-
 []


Underfull \hbox (badness 5592) in paragraph at lines 149--153
\TU/lmr/m/n/10 ma-te-rias me-dian-te
 []


Underfull \hbox (badness 1590) in paragraph at lines 149--153
\TU/lmr/m/n/10 el em-pleo de jue-
 []


Underfull \hbox (badness 1117) in paragraph at lines 149--153
\TU/lmr/m/n/10 sen-ci-llos, de mo-do
 []


Underfull \hbox (badness 1668) in paragraph at lines 154--155
[]\TU/lmr/m/n/10 Así pues, con-si-de-
 []


Underfull \hbox (badness 4634) in paragraph at lines 158--158
[]|\TU/lmr/m/n/10 In-tro-duc-ción a la
 []


Underfull \hbox (badness 5681) in paragraph at lines 164--165
[]\TU/lmr/m/n/10 Ela-bo-ra es-tra-te-gias pa-ra
 []


Underfull \hbox (badness 10000) in paragraph at lines 169--169
[]|\TU/lmr/m/n/10 Jue-gos di-ver-sos,
 []


Underfull \hbox (badness 6608) in paragraph at lines 169--169
\TU/lmr/m/n/10 Acer-ti-jos, Puzz-les,
 []


Underfull \hbox (badness 1043) in paragraph at lines 169--169
\TU/lmr/m/n/10 Li-bros de cuen-tos,
 []


Underfull \hbox (badness 5091) in paragraph at lines 169--169
\TU/lmr/m/n/10 Ex-pe-ri-men-tos sen-
 []


Underfull \hbox (badness 1163) in paragraph at lines 170--170
[]|\TU/lmr/m/n/10 Ques-tio-na-rios Ora-
 []


Underfull \hbox (badness 3375) in paragraph at lines 171--171
[]|\TU/lmr/m/n/10 ”Lle-gó la ca-ba-lle-
 []


Underfull \hbox (badness 2635) in paragraph at lines 172--176
\TU/lmr/m/n/10 des bá-si-cas, co-mo
 []


Underfull \hbox (badness 1997) in paragraph at lines 172--176
\TU/lmr/m/n/10 ti-co, el aná-li-sis y
 []


Underfull \hbox (badness 6348) in paragraph at lines 172--176
\TU/lmr/m/n/10 cio-nes pro-ble-má-ti-
 []


Underfull \hbox (badness 3168) in paragraph at lines 172--176
\TU/lmr/m/n/10 cas, y el ra-zo-na-
 []


Underfull \hbox (badness 5592) in paragraph at lines 172--176
\TU/lmr/m/n/10 ma-te-rias me-dian-te
 []


Underfull \hbox (badness 1590) in paragraph at lines 172--176
\TU/lmr/m/n/10 el em-pleo de jue-
 []


Underfull \hbox (badness 1117) in paragraph at lines 172--176
\TU/lmr/m/n/10 sen-ci-llos, de mo-do
 []


Underfull \hbox (badness 1668) in paragraph at lines 177--178
[]\TU/lmr/m/n/10 Así pues, con-si-de-
 []


Underfull \hbox (badness 4634) in paragraph at lines 181--181
[]|\TU/lmr/m/n/10 In-tro-duc-ción a la
 []


Underfull \hbox (badness 5681) in paragraph at lines 187--188
[]\TU/lmr/m/n/10 Ela-bo-ra es-tra-te-gias pa-ra
 []


Underfull \hbox (badness 10000) in paragraph at lines 192--192
[]|\TU/lmr/m/n/10 Jue-gos di-ver-sos,
 []


Underfull \hbox (badness 6608) in paragraph at lines 192--192
\TU/lmr/m/n/10 Acer-ti-jos, Puzz-les,
 []


Underfull \hbox (badness 1043) in paragraph at lines 192--192
\TU/lmr/m/n/10 Li-bros de cuen-tos,
 []


Underfull \hbox (badness 5091) in paragraph at lines 192--192
\TU/lmr/m/n/10 Ex-pe-ri-men-tos sen-
 []


Underfull \hbox (badness 1163) in paragraph at lines 193--193
[]|\TU/lmr/m/n/10 Ques-tio-na-rios Ora-
 []


Underfull \hbox (badness 3375) in paragraph at lines 194--194
[]|\TU/lmr/m/n/10 ”Lle-gó la ca-ba-lle-
 []


Underfull \hbox (badness 2635) in paragraph at lines 195--199
\TU/lmr/m/n/10 des bá-si-cas, co-mo
 []


Underfull \hbox (badness 1997) in paragraph at lines 195--199
\TU/lmr/m/n/10 ti-co, el aná-li-sis y
 []


Underfull \hbox (badness 6348) in paragraph at lines 195--199
\TU/lmr/m/n/10 cio-nes pro-ble-má-ti-
 []


Underfull \hbox (badness 3168) in paragraph at lines 195--199
\TU/lmr/m/n/10 cas, y el ra-zo-na-
 []


Underfull \hbox (badness 5592) in paragraph at lines 195--199
\TU/lmr/m/n/10 ma-te-rias me-dian-te
 []


Underfull \hbox (badness 1590) in paragraph at lines 195--199
\TU/lmr/m/n/10 el em-pleo de jue-
 []


Underfull \hbox (badness 1117) in paragraph at lines 195--199
\TU/lmr/m/n/10 sen-ci-llos, de mo-do
 []


Underfull \hbox (badness 1668) in paragraph at lines 200--201
[]\TU/lmr/m/n/10 Así pues, con-si-de-
 []


Underfull \hbox (badness 4634) in paragraph at lines 204--204
[]|\TU/lmr/m/n/10 In-tro-duc-ción a la
 []


Underfull \hbox (badness 5681) in paragraph at lines 210--211
[]\TU/lmr/m/n/10 Ela-bo-ra es-tra-te-gias pa-ra
 []


Underfull \hbox (badness 10000) in paragraph at lines 215--215
[]|\TU/lmr/m/n/10 Jue-gos di-ver-sos,
 []


Underfull \hbox (badness 6608) in paragraph at lines 215--215
\TU/lmr/m/n/10 Acer-ti-jos, Puzz-les,
 []


Underfull \hbox (badness 1043) in paragraph at lines 215--215
\TU/lmr/m/n/10 Li-bros de cuen-tos,
 []


Underfull \hbox (badness 5091) in paragraph at lines 215--215
\TU/lmr/m/n/10 Ex-pe-ri-men-tos sen-
 []


Underfull \hbox (badness 1163) in paragraph at lines 216--216
[]|\TU/lmr/m/n/10 Ques-tio-na-rios Ora-
 []


Underfull \hbox (badness 3375) in paragraph at lines 217--217
[]|\TU/lmr/m/n/10 ”Lle-gó la ca-ba-lle-
 []


Underfull \hbox (badness 2635) in paragraph at lines 218--222
\TU/lmr/m/n/10 des bá-si-cas, co-mo
 []


Underfull \hbox (badness 1997) in paragraph at lines 218--222
\TU/lmr/m/n/10 ti-co, el aná-li-sis y
 []


Underfull \hbox (badness 6348) in paragraph at lines 218--222
\TU/lmr/m/n/10 cio-nes pro-ble-má-ti-
 []


Underfull \hbox (badness 3168) in paragraph at lines 218--222
\TU/lmr/m/n/10 cas, y el ra-zo-na-
 []


Underfull \hbox (badness 5592) in paragraph at lines 218--222
\TU/lmr/m/n/10 ma-te-rias me-dian-te
 []


Underfull \hbox (badness 1590) in paragraph at lines 218--222
\TU/lmr/m/n/10 el em-pleo de jue-
 []


Underfull \hbox (badness 1117) in paragraph at lines 218--222
\TU/lmr/m/n/10 sen-ci-llos, de mo-do
 []


Underfull \hbox (badness 1668) in paragraph at lines 223--224
[]\TU/lmr/m/n/10 Así pues, con-si-de-
 []


Underfull \hbox (badness 4634) in paragraph at lines 227--227
[]|\TU/lmr/m/n/10 In-tro-duc-ción a la
 []


Underfull \hbox (badness 5681) in paragraph at lines 233--234
[]\TU/lmr/m/n/10 Ela-bo-ra es-tra-te-gias pa-ra
 []


Underfull \hbox (badness 10000) in paragraph at lines 238--238
[]|\TU/lmr/m/n/10 Jue-gos di-ver-sos,
 []


Underfull \hbox (badness 6608) in paragraph at lines 238--238
\TU/lmr/m/n/10 Acer-ti-jos, Puzz-les,
 []


Underfull \hbox (badness 1043) in paragraph at lines 238--238
\TU/lmr/m/n/10 Li-bros de cuen-tos,
 []


Underfull \hbox (badness 5091) in paragraph at lines 238--238
\TU/lmr/m/n/10 Ex-pe-ri-men-tos sen-
 []


Underfull \hbox (badness 1163) in paragraph at lines 239--239
[]|\TU/lmr/m/n/10 Ques-tio-na-rios Ora-
 []


Underfull \hbox (badness 3375) in paragraph at lines 240--240
[]|\TU/lmr/m/n/10 ”Lle-gó la ca-ba-lle-
 []


Underfull \hbox (badness 2635) in paragraph at lines 241--245
\TU/lmr/m/n/10 des bá-si-cas, co-mo
 []


Underfull \hbox (badness 1997) in paragraph at lines 241--245
\TU/lmr/m/n/10 ti-co, el aná-li-sis y
 []


Underfull \hbox (badness 6348) in paragraph at lines 241--245
\TU/lmr/m/n/10 cio-nes pro-ble-má-ti-
 []


Underfull \hbox (badness 3168) in paragraph at lines 241--245
\TU/lmr/m/n/10 cas, y el ra-zo-na-
 []


Underfull \hbox (badness 5592) in paragraph at lines 241--245
\TU/lmr/m/n/10 ma-te-rias me-dian-te
 []


Underfull \hbox (badness 1590) in paragraph at lines 241--245
\TU/lmr/m/n/10 el em-pleo de jue-
 []


Underfull \hbox (badness 1117) in paragraph at lines 241--245
\TU/lmr/m/n/10 sen-ci-llos, de mo-do
 []


Underfull \hbox (badness 1668) in paragraph at lines 246--247
[]\TU/lmr/m/n/10 Así pues, con-si-de-
 []


Underfull \hbox (badness 4634) in paragraph at lines 250--250
[]|\TU/lmr/m/n/10 In-tro-duc-ción a la
 []


Underfull \hbox (badness 5681) in paragraph at lines 256--257
[]\TU/lmr/m/n/10 Ela-bo-ra es-tra-te-gias pa-ra
 []


Underfull \hbox (badness 10000) in paragraph at lines 261--261
[]|\TU/lmr/m/n/10 Jue-gos di-ver-sos,
 []


Underfull \hbox (badness 6608) in paragraph at lines 261--261
\TU/lmr/m/n/10 Acer-ti-jos, Puzz-les,
 []


Underfull \hbox (badness 1043) in paragraph at lines 261--261
\TU/lmr/m/n/10 Li-bros de cuen-tos,
 []


Underfull \hbox (badness 5091) in paragraph at lines 261--261
\TU/lmr/m/n/10 Ex-pe-ri-men-tos sen-
 []


Underfull \hbox (badness 1163) in paragraph at lines 262--262
[]|\TU/lmr/m/n/10 Ques-tio-na-rios Ora-
 []


Underfull \hbox (badness 3375) in paragraph at lines 263--263
[]|\TU/lmr/m/n/10 ”Lle-gó la ca-ba-lle-
 []


Underfull \hbox (badness 2635) in paragraph at lines 264--268
\TU/lmr/m/n/10 des bá-si-cas, co-mo
 []


Underfull \hbox (badness 1997) in paragraph at lines 264--268
\TU/lmr/m/n/10 ti-co, el aná-li-sis y
 []


Underfull \hbox (badness 6348) in paragraph at lines 264--268
\TU/lmr/m/n/10 cio-nes pro-ble-má-ti-
 []


Underfull \hbox (badness 3168) in paragraph at lines 264--268
\TU/lmr/m/n/10 cas, y el ra-zo-na-
 []


Underfull \hbox (badness 5592) in paragraph at lines 264--268
\TU/lmr/m/n/10 ma-te-rias me-dian-te
 []


Underfull \hbox (badness 1590) in paragraph at lines 264--268
\TU/lmr/m/n/10 el em-pleo de jue-
 []


Underfull \hbox (badness 1117) in paragraph at lines 264--268
\TU/lmr/m/n/10 sen-ci-llos, de mo-do
 []


Underfull \hbox (badness 1668) in paragraph at lines 269--270
[]\TU/lmr/m/n/10 Así pues, con-si-de-
 []


Underfull \hbox (badness 4634) in paragraph at lines 273--273
[]|\TU/lmr/m/n/10 In-tro-duc-ción a la
 []


Underfull \hbox (badness 5681) in paragraph at lines 279--280
[]\TU/lmr/m/n/10 Ela-bo-ra es-tra-te-gias pa-ra
 []


Underfull \hbox (badness 10000) in paragraph at lines 284--284
[]|\TU/lmr/m/n/10 Jue-gos di-ver-sos,
 []


Underfull \hbox (badness 6608) in paragraph at lines 284--284
\TU/lmr/m/n/10 Acer-ti-jos, Puzz-les,
 []


Underfull \hbox (badness 1043) in paragraph at lines 284--284
\TU/lmr/m/n/10 Li-bros de cuen-tos,
 []


Underfull \hbox (badness 5091) in paragraph at lines 284--284
\TU/lmr/m/n/10 Ex-pe-ri-men-tos sen-
 []


Underfull \hbox (badness 1163) in paragraph at lines 285--285
[]|\TU/lmr/m/n/10 Ques-tio-na-rios Ora-
 []


Underfull \hbox (badness 3375) in paragraph at lines 286--286
[]|\TU/lmr/m/n/10 ”Lle-gó la ca-ba-lle-
 []


Underfull \hbox (badness 2635) in paragraph at lines 287--291
\TU/lmr/m/n/10 des bá-si-cas, co-mo
 []


Underfull \hbox (badness 1997) in paragraph at lines 287--291
\TU/lmr/m/n/10 ti-co, el aná-li-sis y
 []


Underfull \hbox (badness 6348) in paragraph at lines 287--291
\TU/lmr/m/n/10 cio-nes pro-ble-má-ti-
 []


Underfull \hbox (badness 3168) in paragraph at lines 287--291
\TU/lmr/m/n/10 cas, y el ra-zo-na-
 []


Underfull \hbox (badness 5592) in paragraph at lines 287--291
\TU/lmr/m/n/10 ma-te-rias me-dian-te
 []


Underfull \hbox (badness 1590) in paragraph at lines 287--291
\TU/lmr/m/n/10 el em-pleo de jue-
 []


Underfull \hbox (badness 1117) in paragraph at lines 287--291
\TU/lmr/m/n/10 sen-ci-llos, de mo-do
 []


Underfull \hbox (badness 1668) in paragraph at lines 292--293
[]\TU/lmr/m/n/10 Así pues, con-si-de-
 []


Overfull \hbox (14.0752pt too wide) in alignment at lines 70--295
 [][][][][][][] 
 []

[1

{/var/lib/texmf/fonts/map/pdftex/updmap/pdftex.map}<./cegsa-logo.png><./cetsa-lo
go.png>] [2] [3] [4] [5] [6] [7] [8] [9] [10] [11]
File: cegsa-logo.png Graphic file (type png)
<use cegsa-logo.png>
Package luatex.def Info: cegsa-logo.png  used on input line 303.
(luatex.def)             Requested size: 227.90889pt x 79.2479pt.
File: cetsa-logo.png Graphic file (type png)
<use cetsa-logo.png>
Package luatex.def Info: cetsa-logo.png  used on input line 303.
(luatex.def)             Requested size: 227.90889pt x 65.90999pt.

Underfull \hbox (badness 10000) in paragraph at lines 319--319
[]|\TU/lmr/bx/n/10 Con-te-ni-do/Uni-
 []


Underfull \hbox (badness 10000) in paragraph at lines 322--322
[]|\TU/lmr/bx/n/10 Re-cur-sos Di-
 []


Underfull \hbox (badness 3375) in paragraph at lines 322--322
\TU/lmr/bx/n/10 dác-ti-cos/Uso de
 []


Underfull \hbox (badness 1442) in paragraph at lines 323--323
[]|\TU/lmr/bx/n/10 Ins-tru-men-tos de
 []


Underfull \hbox (badness 2111) in paragraph at lines 324--325
[]|\TU/lmr/bx/n/10 Pro-yec-tos Dis-ci-
 []


Overfull \hbox (14.0752pt too wide) in alignment at lines 315--326
 [][][][][][][] 
 []


Overfull \hbox (14.0752pt too wide) in alignment at lines 326--458
 [][][][][][][] 
 []

[12] [13]
File: cegsa-logo.png Graphic file (type png)
<use cegsa-logo.png>
Package luatex.def Info: cegsa-logo.png  used on input line 466.
(luatex.def)             Requested size: 227.90889pt x 79.2479pt.
File: cetsa-logo.png Graphic file (type png)
<use cetsa-logo.png>
Package luatex.def Info: cetsa-logo.png  used on input line 466.
(luatex.def)             Requested size: 227.90889pt x 65.90999pt.

Underfull \hbox (badness 10000) in paragraph at lines 482--482
[]|\TU/lmr/bx/n/10 Con-te-ni-do/Uni-
 []


Underfull \hbox (badness 10000) in paragraph at lines 485--485
[]|\TU/lmr/bx/n/10 Re-cur-sos Di-
 []


Underfull \hbox (badness 3375) in paragraph at lines 485--485
\TU/lmr/bx/n/10 dác-ti-cos/Uso de
 []


Underfull \hbox (badness 1442) in paragraph at lines 486--486
[]|\TU/lmr/bx/n/10 Ins-tru-men-tos de
 []


Underfull \hbox (badness 2111) in paragraph at lines 487--488
[]|\TU/lmr/bx/n/10 Pro-yec-tos Dis-ci-
 []


Overfull \hbox (14.0752pt too wide) in alignment at lines 478--489
 [][][][][][][] 
 []


Overfull \hbox (14.0752pt too wide) in alignment at lines 489--621
 [][][][][][][] 
 []

[14] [15]
File: cegsa-logo.png Graphic file (type png)
<use cegsa-logo.png>
Package luatex.def Info: cegsa-logo.png  used on input line 629.
(luatex.def)             Requested size: 227.90889pt x 79.2479pt.
File: cetsa-logo.png Graphic file (type png)
<use cetsa-logo.png>
Package luatex.def Info: cetsa-logo.png  used on input line 629.
(luatex.def)             Requested size: 227.90889pt x 65.90999pt.

Underfull \hbox (badness 10000) in paragraph at lines 645--645
[]|\TU/lmr/bx/n/10 Con-te-ni-do/Uni-
 []


Underfull \hbox (badness 10000) in paragraph at lines 648--648
[]|\TU/lmr/bx/n/10 Re-cur-sos Di-
 []


Underfull \hbox (badness 3375) in paragraph at lines 648--648
\TU/lmr/bx/n/10 dác-ti-cos/Uso de
 []


Underfull \hbox (badness 1442) in paragraph at lines 649--649
[]|\TU/lmr/bx/n/10 Ins-tru-men-tos de
 []


Underfull \hbox (badness 2111) in paragraph at lines 650--651
[]|\TU/lmr/bx/n/10 Pro-yec-tos Dis-ci-
 []


Overfull \hbox (14.0752pt too wide) in alignment at lines 641--652
 [][][][][][][] 
 []


Overfull \hbox (14.0752pt too wide) in alignment at lines 652--784
 [][][][][][][] 
 []

[16] [17]
File: cegsa-logo.png Graphic file (type png)
<use cegsa-logo.png>
Package luatex.def Info: cegsa-logo.png  used on input line 792.
(luatex.def)             Requested size: 227.90889pt x 79.2479pt.
File: cetsa-logo.png Graphic file (type png)
<use cetsa-logo.png>
Package luatex.def Info: cetsa-logo.png  used on input line 792.
(luatex.def)             Requested size: 227.90889pt x 65.90999pt.

Underfull \hbox (badness 10000) in paragraph at lines 808--808
[]|\TU/lmr/bx/n/10 Con-te-ni-do/Uni-
 []


Underfull \hbox (badness 10000) in paragraph at lines 811--811
[]|\TU/lmr/bx/n/10 Re-cur-sos Di-
 []


Underfull \hbox (badness 3375) in paragraph at lines 811--811
\TU/lmr/bx/n/10 dác-ti-cos/Uso de
 []


Underfull \hbox (badness 1442) in paragraph at lines 812--812
[]|\TU/lmr/bx/n/10 Ins-tru-men-tos de
 []


Underfull \hbox (badness 2111) in paragraph at lines 813--814
[]|\TU/lmr/bx/n/10 Pro-yec-tos Dis-ci-
 []


Overfull \hbox (14.0752pt too wide) in alignment at lines 804--815
 [][][][][][][] 
 []


Overfull \hbox (14.0752pt too wide) in alignment at lines 815--947
 [][][][][][][] 
 []

[18] [19]
File: cegsa-logo.png Graphic file (type png)
<use cegsa-logo.png>
Package luatex.def Info: cegsa-logo.png  used on input line 955.
(luatex.def)             Requested size: 227.90889pt x 79.2479pt.
File: cetsa-logo.png Graphic file (type png)
<use cetsa-logo.png>
Package luatex.def Info: cetsa-logo.png  used on input line 955.
(luatex.def)             Requested size: 227.90889pt x 65.90999pt.

Underfull \hbox (badness 10000) in paragraph at lines 971--971
[]|\TU/lmr/bx/n/10 Con-te-ni-do/Uni-
 []


Underfull \hbox (badness 10000) in paragraph at lines 974--974
[]|\TU/lmr/bx/n/10 Re-cur-sos Di-
 []


Underfull \hbox (badness 3375) in paragraph at lines 974--974
\TU/lmr/bx/n/10 dác-ti-cos/Uso de
 []


Underfull \hbox (badness 1442) in paragraph at lines 975--975
[]|\TU/lmr/bx/n/10 Ins-tru-men-tos de
 []


Underfull \hbox (badness 2111) in paragraph at lines 976--977
[]|\TU/lmr/bx/n/10 Pro-yec-tos Dis-ci-
 []


Overfull \hbox (14.0752pt too wide) in alignment at lines 967--978
 [][][][][][][] 
 []


Overfull \hbox (14.0752pt too wide) in alignment at lines 978--1110
 [][][][][][][] 
 []

[20] [21]
File: cegsa-logo.png Graphic file (type png)
<use cegsa-logo.png>
Package luatex.def Info: cegsa-logo.png  used on input line 1118.
(luatex.def)             Requested size: 227.90889pt x 79.2479pt.
File: cetsa-logo.png Graphic file (type png)
<use cetsa-logo.png>
Package luatex.def Info: cetsa-logo.png  used on input line 1118.
(luatex.def)             Requested size: 227.90889pt x 65.90999pt.

Underfull \hbox (badness 10000) in paragraph at lines 1135--1135
[]|\TU/lmr/bx/n/10 Con-te-ni-do/Uni-
 []


Underfull \hbox (badness 10000) in paragraph at lines 1138--1138
[]|\TU/lmr/bx/n/10 Re-cur-sos Di-
 []


Underfull \hbox (badness 3375) in paragraph at lines 1138--1138
\TU/lmr/bx/n/10 dác-ti-cos/Uso de
 []


Underfull \hbox (badness 1442) in paragraph at lines 1139--1139
[]|\TU/lmr/bx/n/10 Ins-tru-men-tos de
 []


Underfull \hbox (badness 2111) in paragraph at lines 1140--1141
[]|\TU/lmr/bx/n/10 Pro-yec-tos Dis-ci-
 []


Overfull \hbox (14.0752pt too wide) in alignment at lines 1130--1142
 [][][][][][][] 
 []


Overfull \hbox (14.0752pt too wide) in alignment at lines 1142--1274
 [][][][][][][] 
 []

[22] [23]
File: cegsa-logo.png Graphic file (type png)
<use cegsa-logo.png>
Package luatex.def Info: cegsa-logo.png  used on input line 1282.
(luatex.def)             Requested size: 227.90889pt x 79.2479pt.
File: cetsa-logo.png Graphic file (type png)
<use cetsa-logo.png>
Package luatex.def Info: cetsa-logo.png  used on input line 1282.
(luatex.def)             Requested size: 227.90889pt x 65.90999pt.

Underfull \hbox (badness 10000) in paragraph at lines 1298--1298
[]|\TU/lmr/bx/n/10 Con-te-ni-do/Uni-
 []


Underfull \hbox (badness 10000) in paragraph at lines 1301--1301
[]|\TU/lmr/bx/n/10 Re-cur-sos Di-
 []


Underfull \hbox (badness 3375) in paragraph at lines 1301--1301
\TU/lmr/bx/n/10 dác-ti-cos/Uso de
 []


Underfull \hbox (badness 1442) in paragraph at lines 1302--1302
[]|\TU/lmr/bx/n/10 Ins-tru-men-tos de
 []


Underfull \hbox (badness 2111) in paragraph at lines 1303--1304
[]|\TU/lmr/bx/n/10 Pro-yec-tos Dis-ci-
 []


Overfull \hbox (14.0752pt too wide) in alignment at lines 1294--1305
 [][][][][][][] 
 []


Overfull \hbox (14.0752pt too wide) in alignment at lines 1305--1437
 [][][][][][][] 
 []

[24] [25]
File: cegsa-logo.png Graphic file (type png)
<use cegsa-logo.png>
Package luatex.def Info: cegsa-logo.png  used on input line 1445.
(luatex.def)             Requested size: 227.90889pt x 79.2479pt.
File: cetsa-logo.png Graphic file (type png)
<use cetsa-logo.png>
Package luatex.def Info: cetsa-logo.png  used on input line 1445.
(luatex.def)             Requested size: 227.90889pt x 65.90999pt.

Underfull \hbox (badness 10000) in paragraph at lines 1461--1461
[]|\TU/lmr/bx/n/10 Con-te-ni-do/Uni-
 []


Underfull \hbox (badness 10000) in paragraph at lines 1464--1464
[]|\TU/lmr/bx/n/10 Re-cur-sos Di-
 []


Underfull \hbox (badness 3375) in paragraph at lines 1464--1464
\TU/lmr/bx/n/10 dác-ti-cos/Uso de
 []


Underfull \hbox (badness 1442) in paragraph at lines 1465--1465
[]|\TU/lmr/bx/n/10 Ins-tru-men-tos de
 []


Underfull \hbox (badness 2111) in paragraph at lines 1466--1467
[]|\TU/lmr/bx/n/10 Pro-yec-tos Dis-ci-
 []


Overfull \hbox (14.0752pt too wide) in alignment at lines 1457--1468
 [][][][][][][] 
 []


Overfull \hbox (14.0752pt too wide) in alignment at lines 1468--1600
 [][][][][][][] 
 []

[26] [27]
File: cegsa-logo.png Graphic file (type png)
<use cegsa-logo.png>
Package luatex.def Info: cegsa-logo.png  used on input line 1608.
(luatex.def)             Requested size: 227.90889pt x 79.2479pt.
File: cetsa-logo.png Graphic file (type png)
<use cetsa-logo.png>
Package luatex.def Info: cetsa-logo.png  used on input line 1608.
(luatex.def)             Requested size: 227.90889pt x 65.90999pt.

Underfull \hbox (badness 10000) in paragraph at lines 1624--1624
[]|\TU/lmr/bx/n/10 Con-te-ni-do/Uni-
 []


Underfull \hbox (badness 10000) in paragraph at lines 1627--1627
[]|\TU/lmr/bx/n/10 Re-cur-sos Di-
 []


Underfull \hbox (badness 3375) in paragraph at lines 1627--1627
\TU/lmr/bx/n/10 dác-ti-cos/Uso de
 []


Underfull \hbox (badness 1442) in paragraph at lines 1628--1628
[]|\TU/lmr/bx/n/10 Ins-tru-men-tos de
 []


Underfull \hbox (badness 2111) in paragraph at lines 1629--1630
[]|\TU/lmr/bx/n/10 Pro-yec-tos Dis-ci-
 []


Overfull \hbox (14.0752pt too wide) in alignment at lines 1620--1631
 [][][][][][][] 
 []


Overfull \hbox (14.0752pt too wide) in alignment at lines 1631--1763
 [][][][][][][] 
 []

[28] [29]
File: cegsa-logo.png Graphic file (type png)
<use cegsa-logo.png>
Package luatex.def Info: cegsa-logo.png  used on input line 1771.
(luatex.def)             Requested size: 227.90889pt x 79.2479pt.
File: cetsa-logo.png Graphic file (type png)
<use cetsa-logo.png>
Package luatex.def Info: cetsa-logo.png  used on input line 1771.
(luatex.def)             Requested size: 227.90889pt x 65.90999pt.

Underfull \hbox (badness 10000) in paragraph at lines 1787--1787
[]|\TU/lmr/bx/n/10 Con-te-ni-do/Uni-
 []


Underfull \hbox (badness 10000) in paragraph at lines 1790--1790
[]|\TU/lmr/bx/n/10 Re-cur-sos Di-
 []


Underfull \hbox (badness 3375) in paragraph at lines 1790--1790
\TU/lmr/bx/n/10 dác-ti-cos/Uso de
 []


Underfull \hbox (badness 1442) in paragraph at lines 1791--1791
[]|\TU/lmr/bx/n/10 Ins-tru-men-tos de
 []


Underfull \hbox (badness 2111) in paragraph at lines 1792--1793
[]|\TU/lmr/bx/n/10 Pro-yec-tos Dis-ci-
 []


Overfull \hbox (14.0752pt too wide) in alignment at lines 1783--1794
 [][][][][][][] 
 []


Overfull \hbox (14.0752pt too wide) in alignment at lines 1794--1926
 [][][][][][][] 
 []

[30] [31]
File: cegsa-logo.png Graphic file (type png)
<use cegsa-logo.png>
Package luatex.def Info: cegsa-logo.png  used on input line 1934.
(luatex.def)             Requested size: 227.90889pt x 79.2479pt.
File: cetsa-logo.png Graphic file (type png)
<use cetsa-logo.png>
Package luatex.def Info: cetsa-logo.png  used on input line 1934.
(luatex.def)             Requested size: 227.90889pt x 65.90999pt.

Underfull \hbox (badness 10000) in paragraph at lines 1950--1950
[]|\TU/lmr/bx/n/10 Con-te-ni-do/Uni-
 []


Underfull \hbox (badness 10000) in paragraph at lines 1953--1953
[]|\TU/lmr/bx/n/10 Re-cur-sos Di-
 []


Underfull \hbox (badness 3375) in paragraph at lines 1953--1953
\TU/lmr/bx/n/10 dác-ti-cos/Uso de
 []


Underfull \hbox (badness 1442) in paragraph at lines 1954--1954
[]|\TU/lmr/bx/n/10 Ins-tru-men-tos de
 []


Underfull \hbox (badness 2111) in paragraph at lines 1955--1956
[]|\TU/lmr/bx/n/10 Pro-yec-tos Dis-ci-
 []


Overfull \hbox (14.0752pt too wide) in alignment at lines 1946--1957
 [][][][][][][] 
 []


Overfull \hbox (14.0752pt too wide) in alignment at lines 1957--2089
 [][][][][][][] 
 []

[32] [33] (./plan-de-clase.aux
LaTeX Info: Redefining \. on input line 16.
LaTeX Info: Redefining \% on input line 16.
))

Here is how much of LuaTeX's memory you used:
 15139 strings out of 477356
 381553,794899 words of node,token memory allocated
 491 words of node memory still in use:
   4 hlist, 1 vlist, 1 rule, 4 glue, 3 kern, 1 glyph, 9 attribute, 57 glue_spec,
 6 attribute_list, 2 write nodes
   avail lists: 2:3085,3:1615,4:237,5:1432,6:351,7:37928,8:1,9:3604,10:8,11:5002

 35433 multiletter control sequences out of 65536+600000
 26 fonts using 1476743 bytes
 83i,12n,77p,449b,300s stack positions out of 10000i,1000n,20000p,200000b,200000s
</usr/share/texmf/fonts/opentype/public/lm/lmroman10-regular.otf></usr/share/tex
mf/fonts/opentype/public/lm/lmroman10-bold.otf>
Output written on plan-de-clase.pdf (33 pages, 1103169 bytes).

PDF statistics: 127 PDF objects out of 1000 (max. 8388607)
 83 compressed objects within 1 object stream
 0 named destinations out of 1000 (max. 131072)
 16 words of extra memory for PDF output out of 10000 (max. 100000000)

